<?xml version="1.0" encoding="UTF-8"?>
<Site BuildName="(empty)"
	BuildStamp="20240726-1355-Experimental"
	Name="lmtraining2"
	Generator="ctest-3.22.1"
	CompilerName="/usr/bin/c++"
	CompilerVersion="11.4.0"
	OSName="Linux"
	Hostname="lmtraining2"
	OSRelease="6.5.0-44-generic"
	OSVersion="#44~22.04.1-Ubuntu SMP PREEMPT_DYNAMIC Tue Jun 18 14:36:16 UTC 2"
	OSPlatform="x86_64"
	Is64Bits="1"
	VendorString="GenuineIntel"
	VendorID="Intel Corporation"
	FamilyID="6"
	ModelID="142"
	ProcessorCacheSize="8192"
	NumberOfLogicalCPU="8"
	NumberOfPhysicalCPU="4"
	TotalVirtualMemory="2047"
	TotalPhysicalMemory="15861"
	LogicalProcessorsPerPhysical="2"
	ProcessorClockFrequency="2790.5"
	>
	<Testing>
		<StartDateTime>Jul 26 09:55 EDT</StartDateTime>
		<StartTestTime>1722002127</StartTestTime>
		<TestList/>
		<EndDateTime>Jul 26 09:55 EDT</EndDateTime>
		<EndTestTime>1722002127</EndTestTime>
		<ElapsedMinutes>0</ElapsedMinutes>
	</Testing>
</Site>
